{
  "stats": {
    "suites": 1,
    "tests": 1,
    "passes": 0,
    "pending": 0,
    "failures": 1,
    "start": "2025-08-28T21:00:37.534Z",
    "end": "2025-08-28T21:00:38.148Z",
    "duration": 614,
    "testsRegistered": 1,
    "passPercent": 0,
    "pendingPercent": 0,
    "other": 0,
    "hasOther": false,
    "skipped": 0,
    "hasSkipped": false
  },
  "results": [
    {
      "uuid": "eaeb08b2-1c7d-4182-b777-f3ad02e47338",
      "title": "",
      "fullFile": "cypress/e2e/savingsAccount_API.cy.js",
      "file": "cypress/e2e/savingsAccount_API.cy.js",
      "beforeHooks": [],
      "afterHooks": [],
      "tests": [],
      "suites": [
        {
          "uuid": "a5926c7e-4fc4-4846-873d-9c5ef393c8ef",
          "title": "GET /accounts/{accountId}",
          "fullFile": "",
          "file": "",
          "beforeHooks": [],
          "afterHooks": [],
          "tests": [
            {
              "title": "Should return the new accountId and account type",
              "fullTitle": "GET /accounts/{accountId} Should return the new accountId and account type",
              "timedOut": null,
              "duration": 579,
              "state": "failed",
              "speed": null,
              "pass": false,
              "fail": true,
              "pending": false,
              "context": null,
              "code": "cy.request({\n  method: 'GET',\n  url: apiBase + '/accounts/' + accountId,\n  headers: {\n    accept: 'application/json'\n  }\n}).then(response => {\n  expect(response.status).to.eq(200);\n  expect(response.body.id).to.be.eq(accountId);\n  expect(response.body.type).to.be.eq('SAVINGS');\n});",
              "err": {
                "message": "AssertionError: expected 'CHECKING' to equal 'SAVINGS'",
                "estack": "AssertionError: expected 'CHECKING' to equal 'SAVINGS'\n    at Context.eval (webpack://20_gyorgyi_palatinus/./cypress/e2e/savingsAccount_API.cy.js:19:45)\n    at getRet (https://parabank.parasoft.com/__cypress/runner/cypress_runner.js:120949:20)\n    at tryCatcher (https://parabank.parasoft.com/__cypress/runner/cypress_runner.js:1777:23)\n    at Promise.attempt.Promise.try (https://parabank.parasoft.com/__cypress/runner/cypress_runner.js:4285:29)\n    at Context.thenFn (https://parabank.parasoft.com/__cypress/runner/cypress_runner.js:120960:66)\n    at Context.then (https://parabank.parasoft.com/__cypress/runner/cypress_runner.js:121211:21)",
                "diff": "- 'CHECKING'\n+ 'SAVINGS'\n"
              },
              "uuid": "3a67740a-ce87-43af-bacc-a4e4acfba424",
              "parentUUID": "a5926c7e-4fc4-4846-873d-9c5ef393c8ef",
              "isHook": false,
              "skipped": false
            }
          ],
          "suites": [],
          "passes": [],
          "failures": [
            "3a67740a-ce87-43af-bacc-a4e4acfba424"
          ],
          "pending": [],
          "skipped": [],
          "duration": 579,
          "root": false,
          "rootEmpty": false,
          "_timeout": 2000
        }
      ],
      "passes": [],
      "failures": [],
      "pending": [],
      "skipped": [],
      "duration": 0,
      "root": true,
      "rootEmpty": true,
      "_timeout": 2000
    }
  ],
  "meta": {
    "mocha": {
      "version": "7.2.0"
    },
    "mochawesome": {
      "options": {
        "quiet": false,
        "reportFilename": "mochawesome",
        "saveHtml": true,
        "saveJson": true,
        "consoleReporter": "spec",
        "useInlineDiffs": false,
        "code": true
      },
      "version": "7.1.3"
    },
    "marge": {
      "options": {
        "reportDir": "cypress/reports",
        "overwrite": false,
        "html": true,
        "json": true
      },
      "version": "6.2.0"
    }
  }
}