{
  "stats": {
    "suites": 1,
    "tests": 1,
    "passes": 0,
    "pending": 0,
    "failures": 1,
    "start": "2025-08-28T21:00:28.058Z",
    "end": "2025-08-28T21:00:28.584Z",
    "duration": 526,
    "testsRegistered": 1,
    "passPercent": 0,
    "pendingPercent": 0,
    "other": 0,
    "hasOther": false,
    "skipped": 0,
    "hasSkipped": false
  },
  "results": [
    {
      "uuid": "f2dede29-fa73-4254-9ab9-17c86b8548c7",
      "title": "",
      "fullFile": "cypress/e2e/Account_API.cy.js",
      "file": "cypress/e2e/Account_API.cy.js",
      "beforeHooks": [],
      "afterHooks": [],
      "tests": [],
      "suites": [
        {
          "uuid": "a276960f-0be9-4a7a-b350-5ba1b86d2c69",
          "title": "GET /accounts/{accountId}",
          "fullFile": "",
          "file": "",
          "beforeHooks": [],
          "afterHooks": [],
          "tests": [
            {
              "title": "Should return the starting balance = 3000 USD",
              "fullTitle": "GET /accounts/{accountId} Should return the starting balance = 3000 USD",
              "timedOut": null,
              "duration": 495,
              "state": "failed",
              "speed": null,
              "pass": false,
              "fail": true,
              "pending": false,
              "context": null,
              "code": "cy.request({\n  method: 'GET',\n  url: apiBase + '/accounts/' + accountId,\n  headers: {\n    accept: 'application/json'\n  }\n}).then(response => {\n  expect(response.status).to.eq(200);\n  expect(response.body.balance).to.be.equal(3000);\n});",
              "err": {
                "message": "AssertionError: expected -1200 to equal 3000",
                "estack": "AssertionError: expected -1200 to equal 3000\n    at Context.eval (webpack://20_gyorgyi_palatinus/./cypress/e2e/Account_API.cy.js:18:48)\n    at getRet (https://parabank.parasoft.com/__cypress/runner/cypress_runner.js:120949:20)\n    at tryCatcher (https://parabank.parasoft.com/__cypress/runner/cypress_runner.js:1777:23)\n    at Promise.attempt.Promise.try (https://parabank.parasoft.com/__cypress/runner/cypress_runner.js:4285:29)\n    at Context.thenFn (https://parabank.parasoft.com/__cypress/runner/cypress_runner.js:120960:66)\n    at Context.then (https://parabank.parasoft.com/__cypress/runner/cypress_runner.js:121211:21)",
                "diff": "- -1200\n+ 3000\n"
              },
              "uuid": "1a8fa56c-5d63-40cc-9de7-eb93bdaf905b",
              "parentUUID": "a276960f-0be9-4a7a-b350-5ba1b86d2c69",
              "isHook": false,
              "skipped": false
            }
          ],
          "suites": [],
          "passes": [],
          "failures": [
            "1a8fa56c-5d63-40cc-9de7-eb93bdaf905b"
          ],
          "pending": [],
          "skipped": [],
          "duration": 495,
          "root": false,
          "rootEmpty": false,
          "_timeout": 2000
        }
      ],
      "passes": [],
      "failures": [],
      "pending": [],
      "skipped": [],
      "duration": 0,
      "root": true,
      "rootEmpty": true,
      "_timeout": 2000
    }
  ],
  "meta": {
    "mocha": {
      "version": "7.2.0"
    },
    "mochawesome": {
      "options": {
        "quiet": false,
        "reportFilename": "mochawesome",
        "saveHtml": true,
        "saveJson": true,
        "consoleReporter": "spec",
        "useInlineDiffs": false,
        "code": true
      },
      "version": "7.1.3"
    },
    "marge": {
      "options": {
        "reportDir": "cypress/reports",
        "overwrite": false,
        "html": true,
        "json": true
      },
      "version": "6.2.0"
    }
  }
}