{
  "stats": {
    "suites": 1,
    "tests": 1,
    "passes": 0,
    "pending": 0,
    "failures": 1,
    "start": "2025-08-28T21:07:57.634Z",
    "end": "2025-08-28T21:07:58.272Z",
    "duration": 638,
    "testsRegistered": 1,
    "passPercent": 0,
    "pendingPercent": 0,
    "other": 0,
    "hasOther": false,
    "skipped": 0,
    "hasSkipped": false
  },
  "results": [
    {
      "uuid": "e4e56aaf-3ff8-48c5-8d77-40a4454b1600",
      "title": "",
      "fullFile": "cypress/e2e/overdraft2_API.cy.js",
      "file": "cypress/e2e/overdraft2_API.cy.js",
      "beforeHooks": [],
      "afterHooks": [],
      "tests": [],
      "suites": [
        {
          "uuid": "a467b32b-a28c-4018-b881-d9167193402f",
          "title": "POST /transfer",
          "fullFile": "",
          "file": "",
          "beforeHooks": [],
          "afterHooks": [],
          "tests": [
            {
              "title": "Should transfer funds between accounts",
              "fullTitle": "POST /transfer Should transfer funds between accounts",
              "timedOut": null,
              "duration": 599,
              "state": "failed",
              "speed": null,
              "pass": false,
              "fail": true,
              "pending": false,
              "context": null,
              "code": "cy.request({\n  method: 'POST',\n  url: `${apiBase}/transfer?fromAccountId=${fromAccountId}&toAccountId=${toAccountId}&amount=${amount}`,\n  failOnStatusCode: false,\n  // Prevent Cypress from failing the test on non-2xx status codes\n  headers: {\n    accept: 'application/json'\n  }\n}).then(response => {\n  //400 Bad Request (fromAccountId és toAccountId are same) or 422 Unprocessable Entity(the data is invalid)\n  expect(response.status).to.be.oneOf([400, 422]);\n  expect(response.body).to.contain('Could not find account number ' + fromAccountId + ' and/or ' + toAccountId);\n});",
              "err": {
                "message": "AssertionError: expected 200 to be one of [ 400, 422 ]",
                "estack": "AssertionError: expected 200 to be one of [ 400, 422 ]\n    at Context.eval (webpack://20_gyorgyi_palatinus/./cypress/e2e/overdraft2_API.cy.js:23:42)\n    at getRet (https://parabank.parasoft.com/__cypress/runner/cypress_runner.js:120949:20)\n    at tryCatcher (https://parabank.parasoft.com/__cypress/runner/cypress_runner.js:1777:23)\n    at Promise.attempt.Promise.try (https://parabank.parasoft.com/__cypress/runner/cypress_runner.js:4285:29)\n    at Context.thenFn (https://parabank.parasoft.com/__cypress/runner/cypress_runner.js:120960:66)\n    at Context.then (https://parabank.parasoft.com/__cypress/runner/cypress_runner.js:121211:21)",
                "diff": "- 200\n+ [ 400, 422 ]\n"
              },
              "uuid": "4050c64f-827f-4e75-a7e6-3e1516c716c9",
              "parentUUID": "a467b32b-a28c-4018-b881-d9167193402f",
              "isHook": false,
              "skipped": false
            }
          ],
          "suites": [],
          "passes": [],
          "failures": [
            "4050c64f-827f-4e75-a7e6-3e1516c716c9"
          ],
          "pending": [],
          "skipped": [],
          "duration": 599,
          "root": false,
          "rootEmpty": false,
          "_timeout": 2000
        }
      ],
      "passes": [],
      "failures": [],
      "pending": [],
      "skipped": [],
      "duration": 0,
      "root": true,
      "rootEmpty": true,
      "_timeout": 2000
    }
  ],
  "meta": {
    "mocha": {
      "version": "7.2.0"
    },
    "mochawesome": {
      "options": {
        "quiet": false,
        "reportFilename": "mochawesome",
        "saveHtml": true,
        "saveJson": true,
        "consoleReporter": "spec",
        "useInlineDiffs": false,
        "code": true
      },
      "version": "7.1.3"
    },
    "marge": {
      "options": {
        "reportDir": "cypress/reports",
        "overwrite": false,
        "html": true,
        "json": true
      },
      "version": "6.2.0"
    }
  }
}